                                      1 ;--------------------------------------------------------
                                      2 ; File Created by SDCC : free open source ISO C Compiler 
                                      3 ; Version 4.4.1 #14650 (MINGW64)
                                      4 ;--------------------------------------------------------
                                      5 	.module main
                                      6 	.optsdcc -msm83
                                      7 	
                                      8 ;--------------------------------------------------------
                                      9 ; Public variables in this module
                                     10 ;--------------------------------------------------------
                                     11 	.globl _main
                                     12 	.globl _brick_hit
                                     13 	.globl _shoot
                                     14 	.globl _performant_delay
                                     15 	.globl _set_sprite_data
                                     16 	.globl _set_bkg_tiles
                                     17 	.globl _set_bkg_data
                                     18 	.globl _wait_vbl_done
                                     19 	.globl _joypad
                                     20 	.globl _spaceship
                                     21 	.globl _map01
                                     22 	.globl _map_tiles
                                     23 	.globl _missle_moving
                                     24 	.globl _blankmap
                                     25 ;--------------------------------------------------------
                                     26 ; special function registers
                                     27 ;--------------------------------------------------------
                                     28 ;--------------------------------------------------------
                                     29 ; ram data
                                     30 ;--------------------------------------------------------
                                     31 	.area _DATA
    00000000                         32 _missle_moving::
    00000000                         33 	.ds 1
                                     34 ;--------------------------------------------------------
                                     35 ; ram data
                                     36 ;--------------------------------------------------------
                                     37 	.area _INITIALIZED
    00000000                         38 _map_tiles::
    00000000                         39 	.ds 64
    00000040                         40 _map01::
    00000040                         41 	.ds 360
    000001A8                         42 _spaceship::
    000001A8                         43 	.ds 32
                                     44 ;--------------------------------------------------------
                                     45 ; absolute external ram data
                                     46 ;--------------------------------------------------------
                                     47 	.area _DABS (ABS)
                                     48 ;--------------------------------------------------------
                                     49 ; global & static initialisations
                                     50 ;--------------------------------------------------------
                                     51 	.area _HOME
                                     52 	.area _GSINIT
                                     53 	.area _GSFINAL
                                     54 	.area _GSINIT
                                     55 ;--------------------------------------------------------
                                     56 ; Home
                                     57 ;--------------------------------------------------------
                                     58 	.area _HOME
                                     59 	.area _HOME
                                     60 ;--------------------------------------------------------
                                     61 ; code
                                     62 ;--------------------------------------------------------
                                     63 	.area _CODE
                                     64 ;main.c:11: void performant_delay(uint8_t number_of_loops){
                                     65 ;	---------------------------------
                                     66 ; Function performant_delay
                                     67 ; ---------------------------------
    00000000                         68 _performant_delay::
    00000000 4F               [ 4]   69 	ld	c, a
                                     70 ;main.c:13: for(i = 0; i< number_of_loops; i++){
    00000001 06 00            [ 8]   71 	ld	b, #0x00
    00000003                         72 00103$:
    00000003 78               [ 4]   73 	ld	a, b
    00000004 91               [ 4]   74 	sub	a, c
    00000005 D0               [20]   75 	ret	NC
                                     76 ;main.c:14: wait_vbl_done();
    00000006 CDr00r00         [24]   77 	call	_wait_vbl_done
                                     78 ;main.c:13: for(i = 0; i< number_of_loops; i++){
    00000009 04               [ 4]   79 	inc	b
                                     80 ;main.c:16: }
    0000000A 18 F7            [12]   81 	jr	00103$
    0000000C                         82 _blankmap:
    0000000C 00                      83 	.db #0x00	;  0
                                     84 ;main.c:25: UBYTE shoot(uint8_t x, uint8_t y){
                                     85 ;	---------------------------------
                                     86 ; Function shoot
                                     87 ; ---------------------------------
    0000000D                         88 _shoot::
    0000000D 3B               [ 8]   89 	dec	sp
    0000000E 3B               [ 8]   90 	dec	sp
    0000000F F8 01            [12]   91 	ldhl	sp,	#1
    00000011 32               [ 8]   92 	ld	(hl-), a
    00000012 73               [ 8]   93 	ld	(hl), e
                                     94 ;main.c:26: if(missle_moving != 1){
    00000013 FAr00r00         [16]   95 	ld	a, (#_missle_moving)
    00000016 3D               [ 4]   96 	dec	a
    00000017 28 28            [12]   97 	jr	Z, 00102$
                                     98 ;main.c:27: move_sprite(1,x,y-8);
    00000019 F8 00            [12]   99 	ldhl	sp,	#0
                                    100 ;c:\gbdk\include\gb\gb.h:1961: OAM_item_t * itm = &shadow_OAM[nb];
                                    101 ;c:\gbdk\include\gb\gb.h:1962: itm->y=y, itm->x=x;
    0000001B 2A               [ 8]  102 	ld	a, (hl+)
    0000001C C6 F8            [ 8]  103 	add	a, #0xf8
    0000001E 01r04r00         [12]  104 	ld	bc, #_shadow_OAM+4
    00000021 02               [ 8]  105 	ld	(bc), a
    00000022 03               [ 8]  106 	inc	bc
    00000023 7E               [ 8]  107 	ld	a, (hl)
    00000024 02               [ 8]  108 	ld	(bc), a
                                    109 ;main.c:28: missle_moving = 1;
    00000025 21r00r00         [12]  110 	ld	hl, #_missle_moving
    00000028 36 01            [12]  111 	ld	(hl), #0x01
                                    112 ;main.c:30: NR10_REG = 0x16;
    0000002A 3E 16            [ 8]  113 	ld	a, #0x16
    0000002C E0r00            [12]  114 	ldh	(_NR10_REG + 0), a
                                    115 ;main.c:31: NR11_REG = 0x40;
    0000002E 3E 40            [ 8]  116 	ld	a, #0x40
    00000030 E0r00            [12]  117 	ldh	(_NR11_REG + 0), a
                                    118 ;main.c:32: NR12_REG = 0x73;
    00000032 3E 73            [ 8]  119 	ld	a, #0x73
    00000034 E0r00            [12]  120 	ldh	(_NR12_REG + 0), a
                                    121 ;main.c:33: NR13_REG = 0x00;   
    00000036 AF               [ 4]  122 	xor	a, a
    00000037 E0r00            [12]  123 	ldh	(_NR13_REG + 0), a
                                    124 ;main.c:34: NR14_REG = 0xC3;
    00000039 3E C3            [ 8]  125 	ld	a, #0xc3
    0000003B E0r00            [12]  126 	ldh	(_NR14_REG + 0), a
                                    127 ;main.c:36: return 1;
    0000003D 3E 01            [ 8]  128 	ld	a, #0x01
    0000003F 18 01            [12]  129 	jr	00104$
    00000041                        130 00102$:
                                    131 ;main.c:38: return 0;
    00000041 AF               [ 4]  132 	xor	a, a
    00000042                        133 00104$:
                                    134 ;main.c:39: }
    00000042 33               [ 8]  135 	inc	sp
    00000043 33               [ 8]  136 	inc	sp
    00000044 C9               [16]  137 	ret
                                    138 ;main.c:41: UBYTE brick_hit(uint8_t newX, uint8_t newY){
                                    139 ;	---------------------------------
                                    140 ; Function brick_hit
                                    141 ; ---------------------------------
    00000045                        142 _brick_hit::
    00000045 E8 F8            [16]  143 	add	sp, #-8
    00000047 F8 07            [12]  144 	ldhl	sp,	#7
    00000049 73               [ 8]  145 	ld	(hl), e
                                    146 ;main.c:47: indexTLx = (newX - 8)/8;
    0000004A F8 03            [12]  147 	ldhl	sp,	#3
    0000004C 22               [ 8]  148 	ld	(hl+), a
    0000004D AF               [ 4]  149 	xor	a, a
    0000004E 32               [ 8]  150 	ld	(hl-), a
    0000004F 2A               [ 8]  151 	ld	a, (hl+)
    00000050 5F               [ 4]  152 	ld	e, a
    00000051 56               [ 8]  153 	ld	d, (hl)
    00000052 21 08 00         [12]  154 	ld	hl, #0x0008
    00000055 7B               [ 4]  155 	ld	a, e
    00000056 95               [ 4]  156 	sub	a, l
    00000057 5F               [ 4]  157 	ld	e, a
    00000058 7A               [ 4]  158 	ld	a, d
    00000059 9C               [ 4]  159 	sbc	a, h
    0000005A F8 06            [12]  160 	ldhl	sp,	#6
    0000005C 32               [ 8]  161 	ld	(hl-), a
    0000005D 73               [ 8]  162 	ld	(hl), e
    0000005E 2A               [ 8]  163 	ld	a, (hl+)
    0000005F 4F               [ 4]  164 	ld	c, a
    00000060 46               [ 8]  165 	ld	b, (hl)
    00000061 CB 7E            [12]  166 	bit	7, (hl)
    00000063 28 0C            [12]  167 	jr	Z, 00105$
    00000065 2B               [ 8]  168 	dec	hl
    00000066 2B               [ 8]  169 	dec	hl
    00000067 2B               [ 8]  170 	dec	hl
    00000068 2A               [ 8]  171 	ld	a, (hl+)
    00000069 5F               [ 4]  172 	ld	e, a
    0000006A 56               [ 8]  173 	ld	d, (hl)
    0000006B 21 FF FF         [12]  174 	ld	hl, #0xffff
    0000006E 19               [ 8]  175 	add	hl, de
    0000006F 4D               [ 4]  176 	ld	c, l
    00000070 44               [ 4]  177 	ld	b, h
    00000071                        178 00105$:
    00000071 CB 28            [ 8]  179 	sra	b
    00000073 CB 19            [ 8]  180 	rr	c
    00000075 CB 28            [ 8]  181 	sra	b
    00000077 CB 19            [ 8]  182 	rr	c
    00000079 CB 28            [ 8]  183 	sra	b
    0000007B CB 19            [ 8]  184 	rr	c
    0000007D F8 02            [12]  185 	ldhl	sp,	#2
    0000007F 79               [ 4]  186 	ld	a, c
    00000080 22               [ 8]  187 	ld	(hl+), a
    00000081 70               [ 8]  188 	ld	(hl), b
                                    189 ;main.c:48: indexTLy = (newY - 8)/8;
    00000082 F8 07            [12]  190 	ldhl	sp,	#7
    00000084 7E               [ 8]  191 	ld	a, (hl)
    00000085 F8 00            [12]  192 	ldhl	sp,	#0
    00000087 22               [ 8]  193 	ld	(hl+), a
    00000088 36 00            [12]  194 	ld	(hl), #0x00
    0000008A D1               [12]  195 	pop	de
    0000008B D5               [16]  196 	push	de
    0000008C 21 08 00         [12]  197 	ld	hl, #0x0008
    0000008F 7B               [ 4]  198 	ld	a, e
    00000090 95               [ 4]  199 	sub	a, l
    00000091 5F               [ 4]  200 	ld	e, a
    00000092 7A               [ 4]  201 	ld	a, d
    00000093 9C               [ 4]  202 	sbc	a, h
    00000094 F8 06            [12]  203 	ldhl	sp,	#6
    00000096 32               [ 8]  204 	ld	(hl-), a
    00000097 73               [ 8]  205 	ld	(hl), e
    00000098 2A               [ 8]  206 	ld	a, (hl+)
    00000099 4F               [ 4]  207 	ld	c, a
    0000009A 46               [ 8]  208 	ld	b, (hl)
    0000009B CB 7E            [12]  209 	bit	7, (hl)
    0000009D 28 08            [12]  210 	jr	Z, 00106$
    0000009F D1               [12]  211 	pop	de
    000000A0 D5               [16]  212 	push	de
    000000A1 21 FF FF         [12]  213 	ld	hl, #0xffff
    000000A4 19               [ 8]  214 	add	hl, de
    000000A5 4D               [ 4]  215 	ld	c, l
    000000A6 44               [ 4]  216 	ld	b, h
    000000A7                        217 00106$:
    000000A7 CB 28            [ 8]  218 	sra	b
    000000A9 CB 19            [ 8]  219 	rr	c
    000000AB CB 28            [ 8]  220 	sra	b
    000000AD CB 19            [ 8]  221 	rr	c
    000000AF CB 28            [ 8]  222 	sra	b
    000000B1 CB 19            [ 8]  223 	rr	c
    000000B3 F8 04            [12]  224 	ldhl	sp,	#4
    000000B5 79               [ 4]  225 	ld	a, c
    000000B6 22               [ 8]  226 	ld	(hl+), a
                                    227 ;main.c:49: tileIndexTL = 20*indexTLy+indexTLx;
    000000B7 78               [ 4]  228 	ld	a, b
    000000B8 32               [ 8]  229 	ld	(hl-), a
    000000B9 2A               [ 8]  230 	ld	a, (hl+)
    000000BA 4F               [ 4]  231 	ld	c, a
    000000BB 46               [ 8]  232 	ld	b, (hl)
    000000BC 69               [ 4]  233 	ld	l, c
    000000BD 60               [ 4]  234 	ld	h, b
    000000BE 29               [ 8]  235 	add	hl, hl
    000000BF 29               [ 8]  236 	add	hl, hl
    000000C0 09               [ 8]  237 	add	hl, bc
    000000C1 29               [ 8]  238 	add	hl, hl
    000000C2 29               [ 8]  239 	add	hl, hl
    000000C3 4D               [ 4]  240 	ld	c, l
    000000C4 44               [ 4]  241 	ld	b, h
    000000C5 F8 02            [12]  242 	ldhl	sp,	#2
    000000C7 2A               [ 8]  243 	ld	a,	(hl+)
    000000C8 66               [ 8]  244 	ld	h, (hl)
    000000C9 6F               [ 4]  245 	ld	l, a
    000000CA 09               [ 8]  246 	add	hl, bc
                                    247 ;main.c:51: result = map01[tileIndexTL] == blankmap[0];
    000000CB 01r40r00         [12]  248 	ld	bc,#_map01
    000000CE 09               [ 8]  249 	add	hl,bc
    000000CF 4D               [ 4]  250 	ld	c, l
    000000D0 44               [ 4]  251 	ld	b, h
    000000D1 0A               [ 8]  252 	ld	a, (bc)
    000000D2 F8 00            [12]  253 	ldhl	sp,	#0
    000000D4 22               [ 8]  254 	ld	(hl+), a
    000000D5 AF               [ 4]  255 	xor	a, a
    000000D6 32               [ 8]  256 	ld	(hl-), a
    000000D7 FAr0Cr00         [16]  257 	ld	a, (#_blankmap + 0)
    000000DA 5F               [ 4]  258 	ld	e, a
    000000DB 07               [ 4]  259 	rlca
    000000DC 9F               [ 4]  260 	sbc	a, a
    000000DD 57               [ 4]  261 	ld	d, a
    000000DE 7E               [ 8]  262 	ld	a, (hl)
    000000DF 93               [ 4]  263 	sub	a, e
    000000E0 20 06            [12]  264 	jr	NZ, 00128$
    000000E2 AF               [ 4]  265 	xor	a, a
    000000E3 92               [ 4]  266 	sub	a, d
    000000E4 3E 01            [ 8]  267 	ld	a, #0x01
    000000E6 28 01            [12]  268 	jr	Z, 00129$
    000000E8                        269 00128$:
    000000E8 AF               [ 4]  270 	xor	a, a
    000000E9                        271 00129$:
    000000E9 F8 06            [12]  272 	ldhl	sp,	#6
    000000EB 77               [ 8]  273 	ld	(hl), a
                                    274 ;main.c:53: if (!result){
    000000EC B7               [ 4]  275 	or	a, a
    000000ED 20 2D            [12]  276 	jr	NZ, 00102$
                                    277 ;main.c:54: set_bkg_tiles(indexTLx,indexTLy,1,1,0x00);
    000000EF 2B               [ 8]  278 	dec	hl
    000000F0 2B               [ 8]  279 	dec	hl
    000000F1 3A               [ 8]  280 	ld	a, (hl-)
    000000F2 2B               [ 8]  281 	dec	hl
    000000F3 57               [ 4]  282 	ld	d, a
    000000F4 7E               [ 8]  283 	ld	a, (hl)
    000000F5 21 00 00         [12]  284 	ld	hl, #0x0000
    000000F8 E5               [16]  285 	push	hl
    000000F9 26 01            [ 8]  286 	ld	h, #0x01
                                    287 ;	spillPairReg hl
                                    288 ;	spillPairReg hl
    000000FB E5               [16]  289 	push	hl
    000000FC 33               [ 8]  290 	inc	sp
    000000FD 26 01            [ 8]  291 	ld	h, #0x01
                                    292 ;	spillPairReg hl
                                    293 ;	spillPairReg hl
    000000FF 6A               [ 4]  294 	ld	l, d
    00000100 E5               [16]  295 	push	hl
    00000101 F5               [16]  296 	push	af
    00000102 33               [ 8]  297 	inc	sp
    00000103 CDr00r00         [24]  298 	call	_set_bkg_tiles
    00000106 E8 06            [16]  299 	add	sp, #6
                                    300 ;main.c:55: map01[tileIndexTL] = blankmap[0];
    00000108 FAr0Cr00         [16]  301 	ld	a, (#_blankmap + 0)
    0000010B 02               [ 8]  302 	ld	(bc), a
                                    303 ;main.c:56: NR41_REG = 0x1F;
    0000010C 3E 1F            [ 8]  304 	ld	a, #0x1f
    0000010E E0r00            [12]  305 	ldh	(_NR41_REG + 0), a
                                    306 ;main.c:57: NR42_REG = 0xF1;
    00000110 3E F1            [ 8]  307 	ld	a, #0xf1
    00000112 E0r00            [12]  308 	ldh	(_NR42_REG + 0), a
                                    309 ;main.c:58: NR43_REG = 0x30;
    00000114 3E 30            [ 8]  310 	ld	a, #0x30
    00000116 E0r00            [12]  311 	ldh	(_NR43_REG + 0), a
                                    312 ;main.c:59: NR44_REG = 0xC0;
    00000118 3E C0            [ 8]  313 	ld	a, #0xc0
    0000011A E0r00            [12]  314 	ldh	(_NR44_REG + 0), a
    0000011C                        315 00102$:
                                    316 ;main.c:62: return result;
    0000011C F8 06            [12]  317 	ldhl	sp,	#6
    0000011E 7E               [ 8]  318 	ld	a, (hl)
                                    319 ;main.c:63: }
    0000011F E8 08            [16]  320 	add	sp, #8
    00000121 C9               [16]  321 	ret
                                    322 ;main.c:65: void main() {
                                    323 ;	---------------------------------
                                    324 ; Function main
                                    325 ; ---------------------------------
    00000122                        326 _main::
    00000122 E8 FB            [16]  327 	add	sp, #-5
                                    328 ;main.c:66: NR52_REG = 0x80; // is 1000 0000 in binary and turns on sound
    00000124 3E 80            [ 8]  329 	ld	a, #0x80
    00000126 E0r00            [12]  330 	ldh	(_NR52_REG + 0), a
                                    331 ;main.c:67: NR50_REG = 0x77; // sets the volume for both left and right channel just set to max 0x77
    00000128 3E 77            [ 8]  332 	ld	a, #0x77
    0000012A E0r00            [12]  333 	ldh	(_NR50_REG + 0), a
                                    334 ;main.c:68: NR51_REG = 0xFF; // is 1111 1111 in binary, select which chanels we want to use in this case all of them. One bit for the L one bit for the R of all four channels
    0000012C 3E FF            [ 8]  335 	ld	a, #0xff
    0000012E E0r00            [12]  336 	ldh	(_NR51_REG + 0), a
                                    337 ;main.c:70: set_bkg_data(0,3, map_tiles);
    00000130 11r00r00         [12]  338 	ld	de, #_map_tiles
    00000133 D5               [16]  339 	push	de
    00000134 21 00 03         [12]  340 	ld	hl, #0x300
    00000137 E5               [16]  341 	push	hl
    00000138 CDr00r00         [24]  342 	call	_set_bkg_data
    0000013B E8 04            [16]  343 	add	sp, #4
                                    344 ;main.c:71: set_bkg_tiles(0,0,20,18,map01);
    0000013D 11r40r00         [12]  345 	ld	de, #_map01
    00000140 D5               [16]  346 	push	de
    00000141 21 14 12         [12]  347 	ld	hl, #0x1214
    00000144 E5               [16]  348 	push	hl
    00000145 AF               [ 4]  349 	xor	a, a
    00000146 0F               [ 4]  350 	rrca
    00000147 F5               [16]  351 	push	af
    00000148 CDr00r00         [24]  352 	call	_set_bkg_tiles
    0000014B E8 06            [16]  353 	add	sp, #6
                                    354 ;main.c:73: SHOW_BKG;
    0000014D F0r00            [12]  355 	ldh	a, (_LCDC_REG + 0)
    0000014F F6 01            [ 8]  356 	or	a, #0x01
    00000151 E0r00            [12]  357 	ldh	(_LCDC_REG + 0), a
                                    358 ;main.c:74: DISPLAY_ON;
    00000153 F0r00            [12]  359 	ldh	a, (_LCDC_REG + 0)
    00000155 F6 80            [ 8]  360 	or	a, #0x80
    00000157 E0r00            [12]  361 	ldh	(_LCDC_REG + 0), a
                                    362 ;main.c:76: set_sprite_data(0,2,spaceship);
    00000159 11rA8r01         [12]  363 	ld	de, #_spaceship
    0000015C D5               [16]  364 	push	de
    0000015D 21 00 02         [12]  365 	ld	hl, #0x200
    00000160 E5               [16]  366 	push	hl
    00000161 CDr00r00         [24]  367 	call	_set_sprite_data
    00000164 E8 04            [16]  368 	add	sp, #4
                                    369 ;c:\gbdk\include\gb\gb.h:1875: shadow_OAM[nb].tile=tile;
    00000166 21r02r00         [12]  370 	ld	hl, #(_shadow_OAM + 2)
    00000169 36 00            [12]  371 	ld	(hl), #0x00
    0000016B 21r06r00         [12]  372 	ld	hl, #(_shadow_OAM + 6)
    0000016E 36 01            [12]  373 	ld	(hl), #0x01
                                    374 ;main.c:82: ship_position.x = 10*8;
    00000170 F8 00            [12]  375 	ldhl	sp,	#0
                                    376 ;main.c:83: ship_position.y = 18*8;
    00000172 3E 50            [ 8]  377 	ld	a, #0x50
    00000174 22               [ 8]  378 	ld	(hl+), a
                                    379 ;main.c:85: move_sprite(0,ship_position.x,ship_position.y);
    00000175 3E 90            [ 8]  380 	ld	a, #0x90
    00000177 32               [ 8]  381 	ld	(hl-), a
    00000178 4E               [ 8]  382 	ld	c, (hl)
                                    383 ;c:\gbdk\include\gb\gb.h:1961: OAM_item_t * itm = &shadow_OAM[nb];
    00000179 21r00r00         [12]  384 	ld	hl, #_shadow_OAM
                                    385 ;c:\gbdk\include\gb\gb.h:1962: itm->y=y, itm->x=x;
    0000017C 3E 90            [ 8]  386 	ld	a, #0x90
    0000017E 22               [ 8]  387 	ld	(hl+), a
    0000017F 71               [ 8]  388 	ld	(hl), c
                                    389 ;main.c:89: SHOW_SPRITES;
    00000180 F0r00            [12]  390 	ldh	a, (_LCDC_REG + 0)
    00000182 F6 02            [ 8]  391 	or	a, #0x02
    00000184 E0r00            [12]  392 	ldh	(_LCDC_REG + 0), a
                                    393 ;main.c:91: missle_moving = 0;
    00000186 21r00r00         [12]  394 	ld	hl, #_missle_moving
    00000189 36 00            [12]  395 	ld	(hl), #0x00
                                    396 ;main.c:93: while(1){
    0000018B                        397 00116$:
                                    398 ;main.c:94: switch(joypad()){
    0000018B CDr00r00         [24]  399 	call	_joypad
    0000018E F8 04            [12]  400 	ldhl	sp,#4
    00000190 77               [ 8]  401 	ld	(hl), a
    00000191 7E               [ 8]  402 	ld	a, (hl)
    00000192 3D               [ 4]  403 	dec	a
    00000193 28 25            [12]  404 	jr	Z, 00102$
    00000195 F8 04            [12]  405 	ldhl	sp,	#4
    00000197 7E               [ 8]  406 	ld	a, (hl)
    00000198 D6 02            [ 8]  407 	sub	a, #0x02
    0000019A 28 09            [12]  408 	jr	Z, 00101$
    0000019C F8 04            [12]  409 	ldhl	sp,	#4
    0000019E 7E               [ 8]  410 	ld	a, (hl)
    0000019F D6 10            [ 8]  411 	sub	a, #0x10
    000001A1 28 3C            [12]  412 	jr	Z, 00103$
    000001A3 18 4F            [12]  413 	jr	00106$
                                    414 ;main.c:95: case J_LEFT:
    000001A5                        415 00101$:
                                    416 ;c:\gbdk\include\gb\gb.h:1977: OAM_item_t * itm = &shadow_OAM[nb];
                                    417 ;c:\gbdk\include\gb\gb.h:1978: itm->y+=y, itm->x+=x;
    000001A5 FAr00r00         [16]  418 	ld	a, (#_shadow_OAM + 0)
    000001A8 EAr00r00         [16]  419 	ld	(#_shadow_OAM),a
    000001AB 01r01r00         [12]  420 	ld	bc, #_shadow_OAM + 1
    000001AE 0A               [ 8]  421 	ld	a, (bc)
    000001AF C6 F8            [ 8]  422 	add	a, #0xf8
    000001B1 02               [ 8]  423 	ld	(bc), a
                                    424 ;main.c:97: ship_position.x-=8;
    000001B2 F8 00            [12]  425 	ldhl	sp,	#0
    000001B4 7E               [ 8]  426 	ld	a, (hl)
    000001B5 C6 F8            [ 8]  427 	add	a, #0xf8
    000001B7 77               [ 8]  428 	ld	(hl), a
                                    429 ;main.c:98: break;
    000001B8 18 3A            [12]  430 	jr	00106$
                                    431 ;main.c:99: case J_RIGHT:
    000001BA                        432 00102$:
                                    433 ;c:\gbdk\include\gb\gb.h:1977: OAM_item_t * itm = &shadow_OAM[nb];
                                    434 ;c:\gbdk\include\gb\gb.h:1978: itm->y+=y, itm->x+=x;
    000001BA FAr00r00         [16]  435 	ld	a, (#_shadow_OAM + 0)
    000001BD F8 04            [12]  436 	ldhl	sp,	#4
    000001BF 77               [ 8]  437 	ld	(hl), a
    000001C0 11r00r00         [12]  438 	ld	de, #_shadow_OAM
    000001C3 7E               [ 8]  439 	ld	a, (hl)
    000001C4 12               [ 8]  440 	ld	(de), a
    000001C5 FAr01r00         [16]  441 	ld	a, (#(_shadow_OAM + 1) + 0)
    000001C8 F8 04            [12]  442 	ldhl	sp,#4
    000001CA 77               [ 8]  443 	ld	(hl), a
    000001CB 7E               [ 8]  444 	ld	a, (hl)
    000001CC C6 08            [ 8]  445 	add	a, #0x08
    000001CE EAr01r00         [16]  446 	ld	(#(_shadow_OAM + 1)),a
                                    447 ;main.c:101: ship_position.x+=8;
    000001D1 F8 00            [12]  448 	ldhl	sp,	#0
    000001D3 7E               [ 8]  449 	ld	a, (hl)
    000001D4 F8 04            [12]  450 	ldhl	sp,	#4
    000001D6 77               [ 8]  451 	ld	(hl), a
    000001D7 7E               [ 8]  452 	ld	a, (hl)
    000001D8 C6 08            [ 8]  453 	add	a, #0x08
    000001DA F8 00            [12]  454 	ldhl	sp,	#0
    000001DC 77               [ 8]  455 	ld	(hl), a
                                    456 ;main.c:102: break;
    000001DD 18 15            [12]  457 	jr	00106$
                                    458 ;main.c:103: case J_A:
    000001DF                        459 00103$:
                                    460 ;main.c:104: if(shoot(ship_position.x, ship_position.y)){
    000001DF F8 01            [12]  461 	ldhl	sp,	#1
    000001E1 3A               [ 8]  462 	ld	a, (hl-)
    000001E2 47               [ 4]  463 	ld	b, a
    000001E3 4E               [ 8]  464 	ld	c, (hl)
    000001E4 58               [ 4]  465 	ld	e, b
    000001E5 79               [ 4]  466 	ld	a, c
    000001E6 CDr0Dr00         [24]  467 	call	_shoot
    000001E9 B7               [ 4]  468 	or	a, a
    000001EA 28 08            [12]  469 	jr	Z, 00106$
                                    470 ;main.c:105: missle_position.x = ship_position.x;
    000001EC F8 00            [12]  471 	ldhl	sp,	#0
    000001EE 2A               [ 8]  472 	ld	a, (hl+)
    000001EF 23               [ 8]  473 	inc	hl
                                    474 ;main.c:106: missle_position.y = ship_position.y;
    000001F0 32               [ 8]  475 	ld	(hl-), a
    000001F1 2A               [ 8]  476 	ld	a, (hl+)
    000001F2 23               [ 8]  477 	inc	hl
    000001F3 77               [ 8]  478 	ld	(hl), a
                                    479 ;main.c:109: }
    000001F4                        480 00106$:
                                    481 ;main.c:111: if(missle_moving) {
    000001F4 FAr00r00         [16]  482 	ld	a, (#_missle_moving)
    000001F7 B7               [ 4]  483 	or	a, a
    000001F8 28 38            [12]  484 	jr	Z, 00114$
                                    485 ;main.c:112: if(missle_position.y == 0){
    000001FA F8 03            [12]  486 	ldhl	sp,	#3
    000001FC 7E               [ 8]  487 	ld	a, (hl)
    000001FD B7               [ 4]  488 	or	a, a
    000001FE 20 07            [12]  489 	jr	NZ, 00111$
                                    490 ;main.c:113: missle_moving = 0;
    00000200 21r00r00         [12]  491 	ld	hl, #_missle_moving
    00000203 36 00            [12]  492 	ld	(hl), #0x00
    00000205 18 2B            [12]  493 	jr	00114$
    00000207                        494 00111$:
                                    495 ;main.c:116: if(!brick_hit(missle_position.x, missle_position.y-9)){
    00000207 C6 F7            [ 8]  496 	add	a, #0xf7
    00000209 4F               [ 4]  497 	ld	c, a
    0000020A F8 02            [12]  498 	ldhl	sp,	#2
    0000020C 46               [ 8]  499 	ld	b, (hl)
    0000020D 59               [ 4]  500 	ld	e, c
    0000020E 78               [ 4]  501 	ld	a, b
    0000020F CDr45r00         [24]  502 	call	_brick_hit
    00000212 B7               [ 4]  503 	or	a, a
    00000213 20 0D            [12]  504 	jr	NZ, 00108$
                                    505 ;c:\gbdk\include\gb\gb.h:1961: OAM_item_t * itm = &shadow_OAM[nb];
    00000215 21r04r00         [12]  506 	ld	hl, #(_shadow_OAM + 4)
                                    507 ;c:\gbdk\include\gb\gb.h:1962: itm->y=y, itm->x=x;
    00000218 AF               [ 4]  508 	xor	a, a
    00000219 22               [ 8]  509 	ld	(hl+), a
    0000021A 77               [ 8]  510 	ld	(hl), a
                                    511 ;main.c:118: missle_moving = 0;
    0000021B 21r00r00         [12]  512 	ld	hl, #_missle_moving
    0000021E 36 00            [12]  513 	ld	(hl), #0x00
    00000220 18 10            [12]  514 	jr	00114$
    00000222                        515 00108$:
                                    516 ;c:\gbdk\include\gb\gb.h:1977: OAM_item_t * itm = &shadow_OAM[nb];
    00000222 01r04r00         [12]  517 	ld	bc, #(_shadow_OAM + 4)
                                    518 ;c:\gbdk\include\gb\gb.h:1978: itm->y+=y, itm->x+=x;
    00000225 0A               [ 8]  519 	ld	a, (bc)
    00000226 C6 F8            [ 8]  520 	add	a, #0xf8
    00000228 02               [ 8]  521 	ld	(bc), a
    00000229 03               [ 8]  522 	inc	bc
    0000022A 0A               [ 8]  523 	ld	a, (bc)
    0000022B 02               [ 8]  524 	ld	(bc), a
                                    525 ;main.c:122: missle_position.y-=8;
    0000022C F8 03            [12]  526 	ldhl	sp,	#3
    0000022E 7E               [ 8]  527 	ld	a, (hl)
    0000022F C6 F8            [ 8]  528 	add	a, #0xf8
    00000231 77               [ 8]  529 	ld	(hl), a
    00000232                        530 00114$:
                                    531 ;main.c:127: performant_delay(5);
    00000232 3E 05            [ 8]  532 	ld	a, #0x05
    00000234 CDr00r00         [24]  533 	call	_performant_delay
    00000237 C3r8Br01         [16]  534 	jp	00116$
                                    535 ;main.c:129: }
    0000023A E8 05            [16]  536 	add	sp, #5
    0000023C C9               [16]  537 	ret
                                    538 	.area _CODE
                                    539 	.area _INITIALIZER
    00000000                        540 __xinit__map_tiles:
    00000000 00                     541 	.db #0x00	; 0
    00000001 00                     542 	.db #0x00	; 0
    00000002 00                     543 	.db #0x00	; 0
    00000003 00                     544 	.db #0x00	; 0
    00000004 00                     545 	.db #0x00	; 0
    00000005 00                     546 	.db #0x00	; 0
    00000006 00                     547 	.db #0x00	; 0
    00000007 00                     548 	.db #0x00	; 0
    00000008 00                     549 	.db #0x00	; 0
    00000009 00                     550 	.db #0x00	; 0
    0000000A 00                     551 	.db #0x00	; 0
    0000000B 00                     552 	.db #0x00	; 0
    0000000C 00                     553 	.db #0x00	; 0
    0000000D 00                     554 	.db #0x00	; 0
    0000000E 00                     555 	.db #0x00	; 0
    0000000F 00                     556 	.db #0x00	; 0
    00000010 FF                     557 	.db #0xff	; 255
    00000011 FF                     558 	.db #0xff	; 255
    00000012 D5                     559 	.db #0xd5	; 213
    00000013 AB                     560 	.db #0xab	; 171
    00000014 AB                     561 	.db #0xab	; 171
    00000015 D5                     562 	.db #0xd5	; 213
    00000016 D5                     563 	.db #0xd5	; 213
    00000017 AB                     564 	.db #0xab	; 171
    00000018 AB                     565 	.db #0xab	; 171
    00000019 D5                     566 	.db #0xd5	; 213
    0000001A D5                     567 	.db #0xd5	; 213
    0000001B AB                     568 	.db #0xab	; 171
    0000001C AB                     569 	.db #0xab	; 171
    0000001D D5                     570 	.db #0xd5	; 213
    0000001E FF                     571 	.db #0xff	; 255
    0000001F FF                     572 	.db #0xff	; 255
    00000020 18                     573 	.db #0x18	; 24
    00000021 18                     574 	.db #0x18	; 24
    00000022 3C                     575 	.db #0x3c	; 60
    00000023 24                     576 	.db #0x24	; 36
    00000024 5A                     577 	.db #0x5a	; 90	'Z'
    00000025 66                     578 	.db #0x66	; 102	'f'
    00000026 E7                     579 	.db #0xe7	; 231
    00000027 99                     580 	.db #0x99	; 153
    00000028 E7                     581 	.db #0xe7	; 231
    00000029 99                     582 	.db #0x99	; 153
    0000002A 5A                     583 	.db #0x5a	; 90	'Z'
    0000002B 66                     584 	.db #0x66	; 102	'f'
    0000002C 3C                     585 	.db #0x3c	; 60
    0000002D 24                     586 	.db #0x24	; 36
    0000002E 18                     587 	.db #0x18	; 24
    0000002F 18                     588 	.db #0x18	; 24
    00000030 00                     589 	.db #0x00	; 0
    00000031 00                     590 	.db #0x00	; 0
    00000032 00                     591 	.db #0x00	; 0
    00000033 00                     592 	.db #0x00	; 0
    00000034 00                     593 	.db #0x00	; 0
    00000035 00                     594 	.db #0x00	; 0
    00000036 00                     595 	.db #0x00	; 0
    00000037 00                     596 	.db #0x00	; 0
    00000038 00                     597 	.db #0x00	; 0
    00000039 00                     598 	.db #0x00	; 0
    0000003A 18                     599 	.db #0x18	; 24
    0000003B 18                     600 	.db #0x18	; 24
    0000003C 18                     601 	.db #0x18	; 24
    0000003D 18                     602 	.db #0x18	; 24
    0000003E 18                     603 	.db #0x18	; 24
    0000003F 18                     604 	.db #0x18	; 24
    00000040                        605 __xinit__map01:
    00000040 00                     606 	.db #0x00	; 0
    00000041 00                     607 	.db #0x00	; 0
    00000042 00                     608 	.db #0x00	; 0
    00000043 00                     609 	.db #0x00	; 0
    00000044 00                     610 	.db #0x00	; 0
    00000045 00                     611 	.db #0x00	; 0
    00000046 00                     612 	.db #0x00	; 0
    00000047 00                     613 	.db #0x00	; 0
    00000048 00                     614 	.db #0x00	; 0
    00000049 00                     615 	.db #0x00	; 0
    0000004A 00                     616 	.db #0x00	; 0
    0000004B 00                     617 	.db #0x00	; 0
    0000004C 00                     618 	.db #0x00	; 0
    0000004D 00                     619 	.db #0x00	; 0
    0000004E 00                     620 	.db #0x00	; 0
    0000004F 00                     621 	.db #0x00	; 0
    00000050 00                     622 	.db #0x00	; 0
    00000051 00                     623 	.db #0x00	; 0
    00000052 00                     624 	.db #0x00	; 0
    00000053 00                     625 	.db #0x00	; 0
    00000054 00                     626 	.db #0x00	; 0
    00000055 00                     627 	.db #0x00	; 0
    00000056 00                     628 	.db #0x00	; 0
    00000057 00                     629 	.db #0x00	; 0
    00000058 00                     630 	.db #0x00	; 0
    00000059 00                     631 	.db #0x00	; 0
    0000005A 00                     632 	.db #0x00	; 0
    0000005B 00                     633 	.db #0x00	; 0
    0000005C 00                     634 	.db #0x00	; 0
    0000005D 00                     635 	.db #0x00	; 0
    0000005E 00                     636 	.db #0x00	; 0
    0000005F 00                     637 	.db #0x00	; 0
    00000060 00                     638 	.db #0x00	; 0
    00000061 00                     639 	.db #0x00	; 0
    00000062 00                     640 	.db #0x00	; 0
    00000063 00                     641 	.db #0x00	; 0
    00000064 00                     642 	.db #0x00	; 0
    00000065 00                     643 	.db #0x00	; 0
    00000066 00                     644 	.db #0x00	; 0
    00000067 00                     645 	.db #0x00	; 0
    00000068 00                     646 	.db #0x00	; 0
    00000069 00                     647 	.db #0x00	; 0
    0000006A 00                     648 	.db #0x00	; 0
    0000006B 00                     649 	.db #0x00	; 0
    0000006C 00                     650 	.db #0x00	; 0
    0000006D 00                     651 	.db #0x00	; 0
    0000006E 00                     652 	.db #0x00	; 0
    0000006F 00                     653 	.db #0x00	; 0
    00000070 00                     654 	.db #0x00	; 0
    00000071 00                     655 	.db #0x00	; 0
    00000072 00                     656 	.db #0x00	; 0
    00000073 00                     657 	.db #0x00	; 0
    00000074 00                     658 	.db #0x00	; 0
    00000075 00                     659 	.db #0x00	; 0
    00000076 00                     660 	.db #0x00	; 0
    00000077 00                     661 	.db #0x00	; 0
    00000078 00                     662 	.db #0x00	; 0
    00000079 00                     663 	.db #0x00	; 0
    0000007A 00                     664 	.db #0x00	; 0
    0000007B 00                     665 	.db #0x00	; 0
    0000007C 00                     666 	.db #0x00	; 0
    0000007D 00                     667 	.db #0x00	; 0
    0000007E 00                     668 	.db #0x00	; 0
    0000007F 00                     669 	.db #0x00	; 0
    00000080 00                     670 	.db #0x00	; 0
    00000081 00                     671 	.db #0x00	; 0
    00000082 00                     672 	.db #0x00	; 0
    00000083 00                     673 	.db #0x00	; 0
    00000084 00                     674 	.db #0x00	; 0
    00000085 00                     675 	.db #0x00	; 0
    00000086 00                     676 	.db #0x00	; 0
    00000087 00                     677 	.db #0x00	; 0
    00000088 00                     678 	.db #0x00	; 0
    00000089 00                     679 	.db #0x00	; 0
    0000008A 00                     680 	.db #0x00	; 0
    0000008B 00                     681 	.db #0x00	; 0
    0000008C 00                     682 	.db #0x00	; 0
    0000008D 00                     683 	.db #0x00	; 0
    0000008E 00                     684 	.db #0x00	; 0
    0000008F 00                     685 	.db #0x00	; 0
    00000090 00                     686 	.db #0x00	; 0
    00000091 00                     687 	.db #0x00	; 0
    00000092 00                     688 	.db #0x00	; 0
    00000093 00                     689 	.db #0x00	; 0
    00000094 00                     690 	.db #0x00	; 0
    00000095 00                     691 	.db #0x00	; 0
    00000096 01                     692 	.db #0x01	; 1
    00000097 01                     693 	.db #0x01	; 1
    00000098 01                     694 	.db #0x01	; 1
    00000099 01                     695 	.db #0x01	; 1
    0000009A 01                     696 	.db #0x01	; 1
    0000009B 01                     697 	.db #0x01	; 1
    0000009C 01                     698 	.db #0x01	; 1
    0000009D 01                     699 	.db #0x01	; 1
    0000009E 00                     700 	.db #0x00	; 0
    0000009F 00                     701 	.db #0x00	; 0
    000000A0 00                     702 	.db #0x00	; 0
    000000A1 00                     703 	.db #0x00	; 0
    000000A2 00                     704 	.db #0x00	; 0
    000000A3 00                     705 	.db #0x00	; 0
    000000A4 00                     706 	.db #0x00	; 0
    000000A5 00                     707 	.db #0x00	; 0
    000000A6 00                     708 	.db #0x00	; 0
    000000A7 00                     709 	.db #0x00	; 0
    000000A8 00                     710 	.db #0x00	; 0
    000000A9 00                     711 	.db #0x00	; 0
    000000AA 01                     712 	.db #0x01	; 1
    000000AB 01                     713 	.db #0x01	; 1
    000000AC 01                     714 	.db #0x01	; 1
    000000AD 01                     715 	.db #0x01	; 1
    000000AE 01                     716 	.db #0x01	; 1
    000000AF 01                     717 	.db #0x01	; 1
    000000B0 01                     718 	.db #0x01	; 1
    000000B1 01                     719 	.db #0x01	; 1
    000000B2 00                     720 	.db #0x00	; 0
    000000B3 00                     721 	.db #0x00	; 0
    000000B4 00                     722 	.db #0x00	; 0
    000000B5 00                     723 	.db #0x00	; 0
    000000B6 00                     724 	.db #0x00	; 0
    000000B7 00                     725 	.db #0x00	; 0
    000000B8 00                     726 	.db #0x00	; 0
    000000B9 00                     727 	.db #0x00	; 0
    000000BA 00                     728 	.db #0x00	; 0
    000000BB 00                     729 	.db #0x00	; 0
    000000BC 00                     730 	.db #0x00	; 0
    000000BD 00                     731 	.db #0x00	; 0
    000000BE 01                     732 	.db #0x01	; 1
    000000BF 01                     733 	.db #0x01	; 1
    000000C0 02                     734 	.db #0x02	; 2
    000000C1 01                     735 	.db #0x01	; 1
    000000C2 01                     736 	.db #0x01	; 1
    000000C3 02                     737 	.db #0x02	; 2
    000000C4 01                     738 	.db #0x01	; 1
    000000C5 01                     739 	.db #0x01	; 1
    000000C6 00                     740 	.db #0x00	; 0
    000000C7 00                     741 	.db #0x00	; 0
    000000C8 00                     742 	.db #0x00	; 0
    000000C9 00                     743 	.db #0x00	; 0
    000000CA 00                     744 	.db #0x00	; 0
    000000CB 00                     745 	.db #0x00	; 0
    000000CC 00                     746 	.db #0x00	; 0
    000000CD 00                     747 	.db #0x00	; 0
    000000CE 00                     748 	.db #0x00	; 0
    000000CF 01                     749 	.db #0x01	; 1
    000000D0 01                     750 	.db #0x01	; 1
    000000D1 01                     751 	.db #0x01	; 1
    000000D2 01                     752 	.db #0x01	; 1
    000000D3 01                     753 	.db #0x01	; 1
    000000D4 01                     754 	.db #0x01	; 1
    000000D5 01                     755 	.db #0x01	; 1
    000000D6 01                     756 	.db #0x01	; 1
    000000D7 01                     757 	.db #0x01	; 1
    000000D8 01                     758 	.db #0x01	; 1
    000000D9 01                     759 	.db #0x01	; 1
    000000DA 01                     760 	.db #0x01	; 1
    000000DB 01                     761 	.db #0x01	; 1
    000000DC 01                     762 	.db #0x01	; 1
    000000DD 01                     763 	.db #0x01	; 1
    000000DE 00                     764 	.db #0x00	; 0
    000000DF 00                     765 	.db #0x00	; 0
    000000E0 00                     766 	.db #0x00	; 0
    000000E1 00                     767 	.db #0x00	; 0
    000000E2 00                     768 	.db #0x00	; 0
    000000E3 01                     769 	.db #0x01	; 1
    000000E4 02                     770 	.db #0x02	; 2
    000000E5 01                     771 	.db #0x01	; 1
    000000E6 01                     772 	.db #0x01	; 1
    000000E7 01                     773 	.db #0x01	; 1
    000000E8 01                     774 	.db #0x01	; 1
    000000E9 01                     775 	.db #0x01	; 1
    000000EA 01                     776 	.db #0x01	; 1
    000000EB 01                     777 	.db #0x01	; 1
    000000EC 01                     778 	.db #0x01	; 1
    000000ED 01                     779 	.db #0x01	; 1
    000000EE 01                     780 	.db #0x01	; 1
    000000EF 01                     781 	.db #0x01	; 1
    000000F0 02                     782 	.db #0x02	; 2
    000000F1 01                     783 	.db #0x01	; 1
    000000F2 00                     784 	.db #0x00	; 0
    000000F3 00                     785 	.db #0x00	; 0
    000000F4 00                     786 	.db #0x00	; 0
    000000F5 00                     787 	.db #0x00	; 0
    000000F6 00                     788 	.db #0x00	; 0
    000000F7 01                     789 	.db #0x01	; 1
    000000F8 01                     790 	.db #0x01	; 1
    000000F9 01                     791 	.db #0x01	; 1
    000000FA 01                     792 	.db #0x01	; 1
    000000FB 01                     793 	.db #0x01	; 1
    000000FC 01                     794 	.db #0x01	; 1
    000000FD 01                     795 	.db #0x01	; 1
    000000FE 01                     796 	.db #0x01	; 1
    000000FF 01                     797 	.db #0x01	; 1
    00000100 01                     798 	.db #0x01	; 1
    00000101 01                     799 	.db #0x01	; 1
    00000102 01                     800 	.db #0x01	; 1
    00000103 01                     801 	.db #0x01	; 1
    00000104 01                     802 	.db #0x01	; 1
    00000105 01                     803 	.db #0x01	; 1
    00000106 00                     804 	.db #0x00	; 0
    00000107 00                     805 	.db #0x00	; 0
    00000108 00                     806 	.db #0x00	; 0
    00000109 00                     807 	.db #0x00	; 0
    0000010A 00                     808 	.db #0x00	; 0
    0000010B 00                     809 	.db #0x00	; 0
    0000010C 00                     810 	.db #0x00	; 0
    0000010D 00                     811 	.db #0x00	; 0
    0000010E 00                     812 	.db #0x00	; 0
    0000010F 00                     813 	.db #0x00	; 0
    00000110 00                     814 	.db #0x00	; 0
    00000111 00                     815 	.db #0x00	; 0
    00000112 00                     816 	.db #0x00	; 0
    00000113 00                     817 	.db #0x00	; 0
    00000114 00                     818 	.db #0x00	; 0
    00000115 00                     819 	.db #0x00	; 0
    00000116 00                     820 	.db #0x00	; 0
    00000117 00                     821 	.db #0x00	; 0
    00000118 00                     822 	.db #0x00	; 0
    00000119 00                     823 	.db #0x00	; 0
    0000011A 00                     824 	.db #0x00	; 0
    0000011B 00                     825 	.db #0x00	; 0
    0000011C 00                     826 	.db #0x00	; 0
    0000011D 00                     827 	.db #0x00	; 0
    0000011E 00                     828 	.db #0x00	; 0
    0000011F 00                     829 	.db #0x00	; 0
    00000120 00                     830 	.db #0x00	; 0
    00000121 00                     831 	.db #0x00	; 0
    00000122 00                     832 	.db #0x00	; 0
    00000123 00                     833 	.db #0x00	; 0
    00000124 00                     834 	.db #0x00	; 0
    00000125 00                     835 	.db #0x00	; 0
    00000126 00                     836 	.db #0x00	; 0
    00000127 00                     837 	.db #0x00	; 0
    00000128 00                     838 	.db #0x00	; 0
    00000129 00                     839 	.db #0x00	; 0
    0000012A 00                     840 	.db #0x00	; 0
    0000012B 00                     841 	.db #0x00	; 0
    0000012C 00                     842 	.db #0x00	; 0
    0000012D 00                     843 	.db #0x00	; 0
    0000012E 00                     844 	.db #0x00	; 0
    0000012F 00                     845 	.db #0x00	; 0
    00000130 00                     846 	.db #0x00	; 0
    00000131 00                     847 	.db #0x00	; 0
    00000132 00                     848 	.db #0x00	; 0
    00000133 00                     849 	.db #0x00	; 0
    00000134 00                     850 	.db #0x00	; 0
    00000135 00                     851 	.db #0x00	; 0
    00000136 00                     852 	.db #0x00	; 0
    00000137 00                     853 	.db #0x00	; 0
    00000138 00                     854 	.db #0x00	; 0
    00000139 00                     855 	.db #0x00	; 0
    0000013A 00                     856 	.db #0x00	; 0
    0000013B 00                     857 	.db #0x00	; 0
    0000013C 00                     858 	.db #0x00	; 0
    0000013D 00                     859 	.db #0x00	; 0
    0000013E 00                     860 	.db #0x00	; 0
    0000013F 00                     861 	.db #0x00	; 0
    00000140 00                     862 	.db #0x00	; 0
    00000141 00                     863 	.db #0x00	; 0
    00000142 00                     864 	.db #0x00	; 0
    00000143 00                     865 	.db #0x00	; 0
    00000144 00                     866 	.db #0x00	; 0
    00000145 00                     867 	.db #0x00	; 0
    00000146 00                     868 	.db #0x00	; 0
    00000147 00                     869 	.db #0x00	; 0
    00000148 00                     870 	.db #0x00	; 0
    00000149 00                     871 	.db #0x00	; 0
    0000014A 00                     872 	.db #0x00	; 0
    0000014B 00                     873 	.db #0x00	; 0
    0000014C 00                     874 	.db #0x00	; 0
    0000014D 00                     875 	.db #0x00	; 0
    0000014E 00                     876 	.db #0x00	; 0
    0000014F 00                     877 	.db #0x00	; 0
    00000150 00                     878 	.db #0x00	; 0
    00000151 00                     879 	.db #0x00	; 0
    00000152 00                     880 	.db #0x00	; 0
    00000153 00                     881 	.db #0x00	; 0
    00000154 00                     882 	.db #0x00	; 0
    00000155 00                     883 	.db #0x00	; 0
    00000156 00                     884 	.db #0x00	; 0
    00000157 00                     885 	.db #0x00	; 0
    00000158 00                     886 	.db #0x00	; 0
    00000159 00                     887 	.db #0x00	; 0
    0000015A 00                     888 	.db #0x00	; 0
    0000015B 00                     889 	.db #0x00	; 0
    0000015C 00                     890 	.db #0x00	; 0
    0000015D 00                     891 	.db #0x00	; 0
    0000015E 00                     892 	.db #0x00	; 0
    0000015F 00                     893 	.db #0x00	; 0
    00000160 00                     894 	.db #0x00	; 0
    00000161 00                     895 	.db #0x00	; 0
    00000162 00                     896 	.db #0x00	; 0
    00000163 00                     897 	.db #0x00	; 0
    00000164 00                     898 	.db #0x00	; 0
    00000165 00                     899 	.db #0x00	; 0
    00000166 00                     900 	.db #0x00	; 0
    00000167 00                     901 	.db #0x00	; 0
    00000168 00                     902 	.db #0x00	; 0
    00000169 00                     903 	.db #0x00	; 0
    0000016A 00                     904 	.db #0x00	; 0
    0000016B 00                     905 	.db #0x00	; 0
    0000016C 00                     906 	.db #0x00	; 0
    0000016D 00                     907 	.db #0x00	; 0
    0000016E 00                     908 	.db #0x00	; 0
    0000016F 00                     909 	.db #0x00	; 0
    00000170 00                     910 	.db #0x00	; 0
    00000171 00                     911 	.db #0x00	; 0
    00000172 00                     912 	.db #0x00	; 0
    00000173 00                     913 	.db #0x00	; 0
    00000174 00                     914 	.db #0x00	; 0
    00000175 00                     915 	.db #0x00	; 0
    00000176 00                     916 	.db #0x00	; 0
    00000177 00                     917 	.db #0x00	; 0
    00000178 00                     918 	.db #0x00	; 0
    00000179 00                     919 	.db #0x00	; 0
    0000017A 00                     920 	.db #0x00	; 0
    0000017B 00                     921 	.db #0x00	; 0
    0000017C 00                     922 	.db #0x00	; 0
    0000017D 00                     923 	.db #0x00	; 0
    0000017E 00                     924 	.db #0x00	; 0
    0000017F 00                     925 	.db #0x00	; 0
    00000180 00                     926 	.db #0x00	; 0
    00000181 00                     927 	.db #0x00	; 0
    00000182 00                     928 	.db #0x00	; 0
    00000183 00                     929 	.db #0x00	; 0
    00000184 00                     930 	.db #0x00	; 0
    00000185 00                     931 	.db #0x00	; 0
    00000186 00                     932 	.db #0x00	; 0
    00000187 00                     933 	.db #0x00	; 0
    00000188 00                     934 	.db #0x00	; 0
    00000189 00                     935 	.db #0x00	; 0
    0000018A 00                     936 	.db #0x00	; 0
    0000018B 00                     937 	.db #0x00	; 0
    0000018C 00                     938 	.db #0x00	; 0
    0000018D 00                     939 	.db #0x00	; 0
    0000018E 00                     940 	.db #0x00	; 0
    0000018F 00                     941 	.db #0x00	; 0
    00000190 00                     942 	.db #0x00	; 0
    00000191 00                     943 	.db #0x00	; 0
    00000192 00                     944 	.db #0x00	; 0
    00000193 00                     945 	.db #0x00	; 0
    00000194 00                     946 	.db #0x00	; 0
    00000195 00                     947 	.db #0x00	; 0
    00000196 00                     948 	.db #0x00	; 0
    00000197 00                     949 	.db #0x00	; 0
    00000198 00                     950 	.db #0x00	; 0
    00000199 00                     951 	.db #0x00	; 0
    0000019A 00                     952 	.db #0x00	; 0
    0000019B 00                     953 	.db #0x00	; 0
    0000019C 00                     954 	.db #0x00	; 0
    0000019D 00                     955 	.db #0x00	; 0
    0000019E 00                     956 	.db #0x00	; 0
    0000019F 00                     957 	.db #0x00	; 0
    000001A0 00                     958 	.db #0x00	; 0
    000001A1 00                     959 	.db #0x00	; 0
    000001A2 00                     960 	.db #0x00	; 0
    000001A3 00                     961 	.db #0x00	; 0
    000001A4 00                     962 	.db #0x00	; 0
    000001A5 00                     963 	.db #0x00	; 0
    000001A6 00                     964 	.db #0x00	; 0
    000001A7 00                     965 	.db #0x00	; 0
    000001A8                        966 __xinit__spaceship:
    000001A8 18                     967 	.db #0x18	; 24
    000001A9 18                     968 	.db #0x18	; 24
    000001AA BD                     969 	.db #0xbd	; 189
    000001AB A5                     970 	.db #0xa5	; 165
    000001AC BD                     971 	.db #0xbd	; 189
    000001AD A5                     972 	.db #0xa5	; 165
    000001AE 7E                     973 	.db #0x7e	; 126
    000001AF 42                     974 	.db #0x42	; 66	'B'
    000001B0 3C                     975 	.db #0x3c	; 60
    000001B1 24                     976 	.db #0x24	; 36
    000001B2 7E                     977 	.db #0x7e	; 126
    000001B3 7E                     978 	.db #0x7e	; 126
    000001B4 00                     979 	.db #0x00	; 0
    000001B5 00                     980 	.db #0x00	; 0
    000001B6 00                     981 	.db #0x00	; 0
    000001B7 00                     982 	.db #0x00	; 0
    000001B8 00                     983 	.db #0x00	; 0
    000001B9 00                     984 	.db #0x00	; 0
    000001BA 00                     985 	.db #0x00	; 0
    000001BB 00                     986 	.db #0x00	; 0
    000001BC 00                     987 	.db #0x00	; 0
    000001BD 00                     988 	.db #0x00	; 0
    000001BE 08                     989 	.db #0x08	; 8
    000001BF 08                     990 	.db #0x08	; 8
    000001C0 10                     991 	.db #0x10	; 16
    000001C1 10                     992 	.db #0x10	; 16
    000001C2 08                     993 	.db #0x08	; 8
    000001C3 08                     994 	.db #0x08	; 8
    000001C4 10                     995 	.db #0x10	; 16
    000001C5 10                     996 	.db #0x10	; 16
    000001C6 08                     997 	.db #0x08	; 8
    000001C7 08                     998 	.db #0x08	; 8
                                    999 	.area _CABS (ABS)
